<?xml version="1.0" encoding="UTF-8"?>
<!-- Generated by org.testng.reporters.JUnitXMLReporter -->
<testsuite ignored="0" hostname="Devendra" failures="1" tests="2" name="Test" time="22.971" errors="0" timestamp="2022-10-11T13:46:43 IST">
  <testcase classname="com.mystore.testcases.TC_myAccountPageTest" name="verifyregistrationAndLogin" time="11.652">
    <failure type="org.openqa.selenium.support.ui.UnexpectedTagNameException" message="Element should have been &amp;quot;select&amp;quot; but was &amp;quot;div&amp;quot;
Build info: version: &amp;apos;4.1.3&amp;apos;, revision: &amp;apos;7b1ebf28ef&amp;apos;
System info: host: &amp;apos;DEVENDRA&amp;apos;, ip: &amp;apos;192.168.29.223&amp;apos;, os.name: &amp;apos;Windows 8.1&amp;apos;, os.arch: &amp;apos;amd64&amp;apos;, os.version: &amp;apos;6.3&amp;apos;, java.version: &amp;apos;17.0.2&amp;apos;
Driver info: driver.version: unknown">
      <![CDATA[org.openqa.selenium.support.ui.UnexpectedTagNameException: Element should have been "select" but was "div"
Build info: version: '4.1.3', revision: '7b1ebf28ef'
System info: host: 'DEVENDRA', ip: '192.168.29.223', os.name: 'Windows 8.1', os.arch: 'amd64', os.version: '6.3', java.version: '17.0.2'
Driver info: driver.version: unknown
at org.openqa.selenium.support.ui.Select.<init>(Select.java:49)
at com.mystore.pageobject.accountCreationdetals.selectstate(accountCreationdetals.java:127)
at com.mystore.testcases.TC_myAccountPageTest.verifyregistrationAndLogin(TC_myAccountPageTest.java:55)
at java.base/java.util.ArrayList.forEach(ArrayList.java:1511)
... Removed 27 stack frames]]>
    </failure>
  </testcase> <!-- verifyregistrationAndLogin -->
  <testcase classname="com.mystore.testcases.TC_myAccountPageTest" name="verifylogin" time="6.423"/>
</testsuite> <!-- Test -->
